[Fri, 26. Jul 2024 00:16:17 UTC | ID 1236455828618350662] mikey097638: broadcast 3
[Fri, 26. Jul 2024 09:59:38 UTC | ID 926199368518864966] anmvc: say anyone on :D
[Fri, 26. Jul 2024 10:50:55 UTC | ID 1236455828618350662] mikey097638: anmvc
[Fri, 26. Jul 2024 10:51:12 UTC | ID 1236455828618350662] mikey097638: say broadcast anyone on instead
[Fri, 26. Jul 2024 11:09:06 UTC | ID 926199368518864966] anmvc: Y
[Fri, 26. Jul 2024 11:11:48 UTC | ID 1236455828618350662] mikey097638: dk
[Fri, 26. Jul 2024 15:49:53 UTC | ID 1236455828618350662] mikey097638: Ban
[Fri, 26. Jul 2024 15:50:01 UTC | ID 1236455828618350662] mikey097638: Ban your mom
[Fri, 26. Jul 2024 15:50:21 UTC | ID 1236455828618350662] mikey097638: Pardon your
[Fri, 26. Jul 2024 16:53:36 UTC | ID 926199368518864966] anmvc: Kill mc
[Fri, 26. Jul 2024 16:53:53 UTC | ID 926199368518864966] anmvc: Minecraft:kill Minecraft
[Fri, 26. Jul 2024 16:53:57 UTC | ID 1236455828618350662] mikey097638: Broadcast duck
[Fri, 26. Jul 2024 16:54:16 UTC | ID 926199368518864966] anmvc: Announcement ducky
[Fri, 26. Jul 2024 16:54:33 UTC | ID 926199368518864966] anmvc: announcement ducky
[Fri, 26. Jul 2024 16:54:45 UTC | ID 926199368518864966] anmvc: announce ducky
[Fri, 26. Jul 2024 16:54:52 UTC | ID 1236455828618350662] mikey097638: Say fizz
[Fri, 26. Jul 2024 16:55:07 UTC | ID 1236455828618350662] mikey097638: Say r1zz
[Fri, 26. Jul 2024 16:55:18 UTC | ID 1236455828618350662] mikey097638: Say dick
[Fri, 26. Jul 2024 16:55:32 UTC | ID 926199368518864966] anmvc: u imune
[Fri, 26. Jul 2024 16:55:40 UTC | ID 1236455828618350662] mikey097638: Cya
[Fri, 26. Jul 2024 16:55:56 UTC | ID 926199368518864966] anmvc: say rizard
[Fri, 26. Jul 2024 17:01:26 UTC | ID 926199368518864966] anmvc: Ban
[Fri, 26. Jul 2024 17:01:35 UTC | ID 926199368518864966] anmvc: Checkban
[Fri, 26. Jul 2024 23:02:15 UTC | ID 1236455828618350662] mikey097638: broadcast this is thru console on discord
[Fri, 26. Jul 2024 23:02:55 UTC | ID 1236455828618350662] mikey097638: say balls
[Fri, 26. Jul 2024 23:03:41 UTC | ID 926199368518864966] anmvc: say aaaa
