[Sat, 27. Jul 2024 01:45:02 UTC | ID 1236455828618350662] mikey097638: Playtime twixze
[Sat, 27. Jul 2024 01:45:18 UTC | ID 1236455828618350662] mikey097638: Playtime vadehitsthegr1dy
[Sat, 27. Jul 2024 02:00:13 UTC | ID 1236455828618350662] mikey097638: Lo
[Sat, 27. Jul 2024 02:00:15 UTC | ID 1236455828618350662] mikey097638: Lo
[Sat, 27. Jul 2024 02:00:18 UTC | ID 1236455828618350662] mikey097638: Lo
[Sat, 27. Jul 2024 02:00:22 UTC | ID 1236455828618350662] mikey097638: Lo
[Sat, 27. Jul 2024 02:00:35 UTC | ID 1236455828618350662] mikey097638: Unban
[Sat, 27. Jul 2024 13:23:49 UTC | ID 926199368518864966] anmvc: Gamemode FrerreZR adventure
[Sat, 27. Jul 2024 13:24:17 UTC | ID 926199368518864966] anmvc: Gamemode FerreZR adventure
[Sat, 27. Jul 2024 13:24:49 UTC | ID 926199368518864966] anmvc: Gamemode adventure FerreZR
[Sat, 27. Jul 2024 13:25:09 UTC | ID 926199368518864966] anmvc: God FerreZR
[Sat, 27. Jul 2024 13:25:22 UTC | ID 926199368518864966] anmvc: God FerreZR
[Sat, 27. Jul 2024 13:25:40 UTC | ID 926199368518864966] anmvc: Fly FerreZR
[Sat, 27. Jul 2024 14:07:26 UTC | ID 1043959796778405950] redsnickeroo: ```
&#6082B6%player_name% &#6495EDJust Bought a Rank!\n&#6495EDWant to get perks on our server? Do &e/buy!
```
[Sat, 27. Jul 2024 14:07:34 UTC | ID 1043959796778405950] redsnickeroo: erm what the sigma
[Sat, 27. Jul 2024 14:07:51 UTC | ID 1043959796778405950] redsnickeroo: say i can run commands in the minecraft console command mikey
[Sat, 27. Jul 2024 14:08:14 UTC | ID 1043959796778405950] redsnickeroo: you know people can abuse this right?
[Sat, 27. Jul 2024 14:08:29 UTC | ID 1043959796778405950] redsnickeroo: say yea ur right
[Sat, 27. Jul 2024 14:09:03 UTC | ID 1043959796778405950] redsnickeroo: sudo Mikeyross23yt c:but i may be able to do this
